<?xml version="1.0" encoding="UTF-8"?>
<testng-results skipped="0" failed="0" ignored="0" total="2" passed="2">
  <reporter-output>
  </reporter-output>
  <suite name="Suite" duration-ms="59487" started-at="2022-06-27T20:10:41 IST" finished-at="2022-06-27T20:11:40 IST">
    <groups>
    </groups>
    <test name="on chrome" duration-ms="36705" started-at="2022-06-27T20:10:41 IST" finished-at="2022-06-27T20:11:18 IST">
      <class name="com.ebanking.master.Sgrid">
        <test-method status="PASS" signature="Gd(java.lang.String)[pri:0, instance:com.ebanking.master.Sgrid@cb51256]" name="Gd" duration-ms="36635" started-at="2022-06-27T20:10:41 IST" finished-at="2022-06-27T20:11:18 IST">
          <params>
            <param index="0">
              <value>
                <![CDATA[chrome]]>
              </value>
            </param>
          </params>
          <reporter-output>
          </reporter-output>
        </test-method> <!-- Gd -->
      </class> <!-- com.ebanking.master.Sgrid -->
    </test> <!-- on chrome -->
    <test name="On firefox" duration-ms="59487" started-at="2022-06-27T20:10:41 IST" finished-at="2022-06-27T20:11:40 IST">
      <class name="com.ebanking.master.Sgrid">
        <test-method status="PASS" signature="Gd(java.lang.String)[pri:0, instance:com.ebanking.master.Sgrid@1f57539]" name="Gd" duration-ms="59426" started-at="2022-06-27T20:10:41 IST" finished-at="2022-06-27T20:11:40 IST">
          <params>
            <param index="0">
              <value>
                <![CDATA[firefox]]>
              </value>
            </param>
          </params>
          <reporter-output>
          </reporter-output>
        </test-method> <!-- Gd -->
      </class> <!-- com.ebanking.master.Sgrid -->
    </test> <!-- On firefox -->
  </suite> <!-- Suite -->
</testng-results>
