<?xml version="1.0" encoding="UTF-8"?>
<!-- Generated by org.testng.reporters.JUnitXMLReporter -->
<testsuite hostname="DESKTOP-ADGCHK6" ignored="0" name="Default test" tests="3" failures="0" timestamp="2022-06-16T20:16:48 IST" time="10.659" errors="0">
  <testcase name="Rol" time="1.821" classname="com.ebanking.master.RoleNg"/>
  <testcase name="Rol" time="1.702" classname="com.ebanking.master.RoleNg"/>
  <testcase name="Rol" time="1.615" classname="com.ebanking.master.RoleNg"/>
</testsuite> <!-- Default test -->
